<?xml version="1.0" encoding="UTF-8"?>
<testsuite xmlns:xsi="http://www.w3.org/2001/XMLSchema-instance" xsi:noNamespaceSchemaLocation="https://maven.apache.org/surefire/maven-surefire-plugin/xsd/surefire-test-report-3.0.xsd" version="3.0" name="permutation.PermutationTest" time="0.052" tests="9" errors="0" skipped="0" failures="0">
  <properties>
    <property name="java.specification.version" value="21"/>
    <property name="sun.jnu.encoding" value="UTF-8"/>
    <property name="java.class.path" value="/Users/dancskornel/Library/CloudStorage/OneDrive-EotvosLorandTudomanyegyetem/IBM/anagram/target/test-classes:/Users/dancskornel/Library/CloudStorage/OneDrive-EotvosLorandTudomanyegyetem/IBM/anagram/target/classes:/Users/dancskornel/.m2/repository/javax/javaee-api/8.0.1/javaee-api-8.0.1.jar:/Users/dancskornel/.m2/repository/com/sun/mail/javax.mail/1.6.2/javax.mail-1.6.2.jar:/Users/dancskornel/.m2/repository/javax/activation/activation/1.1/activation-1.1.jar:/Users/dancskornel/.m2/repository/org/json/json/20231013/json-20231013.jar:/Users/dancskornel/.m2/repository/com/google/guava/guava/33.0.0-jre/guava-33.0.0-jre.jar:/Users/dancskornel/.m2/repository/com/google/guava/failureaccess/1.0.2/failureaccess-1.0.2.jar:/Users/dancskornel/.m2/repository/com/google/guava/listenablefuture/9999.0-empty-to-avoid-conflict-with-guava/listenablefuture-9999.0-empty-to-avoid-conflict-with-guava.jar:/Users/dancskornel/.m2/repository/com/google/code/findbugs/jsr305/3.0.2/jsr305-3.0.2.jar:/Users/dancskornel/.m2/repository/org/checkerframework/checker-qual/3.41.0/checker-qual-3.41.0.jar:/Users/dancskornel/.m2/repository/com/google/errorprone/error_prone_annotations/2.23.0/error_prone_annotations-2.23.0.jar:/Users/dancskornel/.m2/repository/com/google/j2objc/j2objc-annotations/2.8/j2objc-annotations-2.8.jar:/Users/dancskornel/.m2/repository/org/eclipse/jdt/org.eclipse.jdt.annotation/2.2.800/org.eclipse.jdt.annotation-2.2.800.jar:/Users/dancskornel/.m2/repository/junit/junit/4.13.2/junit-4.13.2.jar:/Users/dancskornel/.m2/repository/org/hamcrest/hamcrest-core/1.3/hamcrest-core-1.3.jar:/Users/dancskornel/.m2/repository/org/hamcrest/hamcrest/2.2/hamcrest-2.2.jar:/Users/dancskornel/.m2/repository/uk/co/datumedge/hamcrest-json/0.3/hamcrest-json-0.3.jar:/Users/dancskornel/.m2/repository/org/skyscreamer/jsonassert/1.5.1/jsonassert-1.5.1.jar:/Users/dancskornel/.m2/repository/com/vaadin/external/google/android-json/0.0.20131108.vaadin1/android-json-0.0.20131108.vaadin1.jar:/Users/dancskornel/.m2/repository/org/mockito/mockito-core/5.8.0/mockito-core-5.8.0.jar:/Users/dancskornel/.m2/repository/net/bytebuddy/byte-buddy/1.14.10/byte-buddy-1.14.10.jar:/Users/dancskornel/.m2/repository/net/bytebuddy/byte-buddy-agent/1.14.10/byte-buddy-agent-1.14.10.jar:/Users/dancskornel/.m2/repository/org/objenesis/objenesis/3.3/objenesis-3.3.jar:/Users/dancskornel/.m2/repository/org/jglue/cdi-unit/cdi-unit/4.1.0/cdi-unit-4.1.0.jar:/Users/dancskornel/.m2/repository/org/javassist/javassist/3.18.1-GA/javassist-3.18.1-GA.jar:/Users/dancskornel/.m2/repository/io/github/classgraph/classgraph/4.1.2/classgraph-4.1.2.jar:/Users/dancskornel/.m2/repository/org/slf4j/slf4j-api/1.7.5/slf4j-api-1.7.5.jar:/Users/dancskornel/.m2/repository/org/apache/deltaspike/core/deltaspike-core-impl/1.0.1/deltaspike-core-impl-1.0.1.jar:/Users/dancskornel/.m2/repository/org/apache/deltaspike/core/deltaspike-core-api/1.0.1/deltaspike-core-api-1.0.1.jar:/Users/dancskornel/.m2/repository/org/jboss/resteasy/resteasy-jaxrs/3.0.14.Final/resteasy-jaxrs-3.0.14.Final.jar:/Users/dancskornel/.m2/repository/org/jboss/spec/javax/ws/rs/jboss-jaxrs-api_2.0_spec/1.0.0.Final/jboss-jaxrs-api_2.0_spec-1.0.0.Final.jar:/Users/dancskornel/.m2/repository/org/jboss/spec/javax/annotation/jboss-annotations-api_1.2_spec/1.0.0.Final/jboss-annotations-api_1.2_spec-1.0.0.Final.jar:/Users/dancskornel/.m2/repository/net/jcip/jcip-annotations/1.0/jcip-annotations-1.0.jar:/Users/dancskornel/.m2/repository/org/jboss/weld/se/weld-se-core/6.0.0.Alpha1/weld-se-core-6.0.0.Alpha1.jar:/Users/dancskornel/.m2/repository/org/jboss/weld/environment/weld-environment-common/6.0.0.Alpha1/weld-environment-common-6.0.0.Alpha1.jar:/Users/dancskornel/.m2/repository/org/jboss/weld/weld-lite-extension-translator/6.0.0.Alpha1/weld-lite-extension-translator-6.0.0.Alpha1.jar:/Users/dancskornel/.m2/repository/jakarta/interceptor/jakarta.interceptor-api/2.2.0-RC1/jakarta.interceptor-api-2.2.0-RC1.jar:/Users/dancskornel/.m2/repository/org/jboss/logging/jboss-logging-processor/2.2.1.Final/jboss-logging-processor-2.2.1.Final.jar:/Users/dancskornel/.m2/repository/org/jboss/logging/jboss-logging-annotations/2.2.1.Final/jboss-logging-annotations-2.2.1.Final.jar:/Users/dancskornel/.m2/repository/org/jboss/jdeparser/jdeparser/2.0.3.Final/jdeparser-2.0.3.Final.jar:/Users/dancskornel/.m2/repository/jakarta/enterprise/jakarta.enterprise.cdi-api/4.1.0.Alpha1/jakarta.enterprise.cdi-api-4.1.0.Alpha1.jar:/Users/dancskornel/.m2/repository/jakarta/enterprise/jakarta.enterprise.lang-model/4.1.0.Alpha1/jakarta.enterprise.lang-model-4.1.0.Alpha1.jar:/Users/dancskornel/.m2/repository/jakarta/annotation/jakarta.annotation-api/2.1.0/jakarta.annotation-api-2.1.0.jar:/Users/dancskornel/.m2/repository/jakarta/inject/jakarta.inject-api/2.0.1/jakarta.inject-api-2.0.1.jar:/Users/dancskornel/.m2/repository/org/jboss/classfilewriter/jboss-classfilewriter/1.3.0.Final/jboss-classfilewriter-1.3.0.Final.jar:/Users/dancskornel/.m2/repository/org/jboss/weld/module/weld-web/6.0.0.Alpha1/weld-web-6.0.0.Alpha1.jar:/Users/dancskornel/.m2/repository/org/jboss/weld/weld-api/6.0.Alpha1/weld-api-6.0.Alpha1.jar:/Users/dancskornel/.m2/repository/org/jboss/weld/weld-core-impl/6.0.0.Alpha1/weld-core-impl-6.0.0.Alpha1.jar:/Users/dancskornel/.m2/repository/org/jboss/weld/weld-spi/6.0.Alpha1/weld-spi-6.0.Alpha1.jar:/Users/dancskornel/.m2/repository/jakarta/el/jakarta.el-api/5.0.1/jakarta.el-api-5.0.1.jar:/Users/dancskornel/.m2/repository/org/jboss/logging/jboss-logging/3.5.0.Final/jboss-logging-3.5.0.Final.jar:/Users/dancskornel/.m2/repository/org/apache/commons/commons-lang3/3.7/commons-lang3-3.7.jar:/Users/dancskornel/.m2/repository/com/mashape/unirest/unirest-java/1.4.9/unirest-java-1.4.9.jar:/Users/dancskornel/.m2/repository/org/apache/httpcomponents/httpclient/4.5.2/httpclient-4.5.2.jar:/Users/dancskornel/.m2/repository/org/apache/httpcomponents/httpcore/4.4.4/httpcore-4.4.4.jar:/Users/dancskornel/.m2/repository/commons-logging/commons-logging/1.2/commons-logging-1.2.jar:/Users/dancskornel/.m2/repository/commons-codec/commons-codec/1.9/commons-codec-1.9.jar:/Users/dancskornel/.m2/repository/org/apache/httpcomponents/httpasyncclient/4.1.1/httpasyncclient-4.1.1.jar:/Users/dancskornel/.m2/repository/org/apache/httpcomponents/httpcore-nio/4.4.4/httpcore-nio-4.4.4.jar:/Users/dancskornel/.m2/repository/org/apache/httpcomponents/httpmime/4.5.2/httpmime-4.5.2.jar:/Users/dancskornel/.m2/repository/com/squareup/okhttp3/okhttp/4.12.0/okhttp-4.12.0.jar:/Users/dancskornel/.m2/repository/org/jetbrains/kotlin/kotlin-stdlib-jdk8/1.8.21/kotlin-stdlib-jdk8-1.8.21.jar:/Users/dancskornel/.m2/repository/org/jetbrains/kotlin/kotlin-stdlib-jdk7/1.8.21/kotlin-stdlib-jdk7-1.8.21.jar:/Users/dancskornel/.m2/repository/com/squareup/okio/okio/2.2.2/okio-2.2.2.jar:/Users/dancskornel/.m2/repository/org/jetbrains/kotlin/kotlin-stdlib/1.2.60/kotlin-stdlib-1.2.60.jar:/Users/dancskornel/.m2/repository/org/jetbrains/kotlin/kotlin-stdlib-common/1.2.60/kotlin-stdlib-common-1.2.60.jar:/Users/dancskornel/.m2/repository/org/jetbrains/annotations/13.0/annotations-13.0.jar:/Users/dancskornel/.m2/repository/commons-io/commons-io/2.15.1/commons-io-2.15.1.jar:"/>
    <property name="java.vm.vendor" value="Homebrew"/>
    <property name="sun.arch.data.model" value="64"/>
    <property name="java.vendor.url" value="https://github.com/Homebrew/homebrew-core/issues"/>
    <property name="os.name" value="Mac OS X"/>
    <property name="java.vm.specification.version" value="21"/>
    <property name="sun.java.launcher" value="SUN_STANDARD"/>
    <property name="user.country" value="HU"/>
    <property name="sun.boot.library.path" value="/opt/homebrew/Cellar/openjdk/21.0.1/libexec/openjdk.jdk/Contents/Home/lib"/>
    <property name="sun.java.command" value="/Users/dancskornel/Library/CloudStorage/OneDrive-EotvosLorandTudomanyegyetem/IBM/anagram/target/surefire/surefirebooter-20231230230615722_3.jar /Users/dancskornel/Library/CloudStorage/OneDrive-EotvosLorandTudomanyegyetem/IBM/anagram/target/surefire 2023-12-30T23-06-15_663-jvmRun1 surefire-20231230230615722_1tmp surefire_0-20231230230615722_2tmp"/>
    <property name="http.nonProxyHosts" value="local|*.local|169.254/16|*.169.254/16"/>
    <property name="jdk.debug" value="release"/>
    <property name="surefire.test.class.path" value="/Users/dancskornel/Library/CloudStorage/OneDrive-EotvosLorandTudomanyegyetem/IBM/anagram/target/test-classes:/Users/dancskornel/Library/CloudStorage/OneDrive-EotvosLorandTudomanyegyetem/IBM/anagram/target/classes:/Users/dancskornel/.m2/repository/javax/javaee-api/8.0.1/javaee-api-8.0.1.jar:/Users/dancskornel/.m2/repository/com/sun/mail/javax.mail/1.6.2/javax.mail-1.6.2.jar:/Users/dancskornel/.m2/repository/javax/activation/activation/1.1/activation-1.1.jar:/Users/dancskornel/.m2/repository/org/json/json/20231013/json-20231013.jar:/Users/dancskornel/.m2/repository/com/google/guava/guava/33.0.0-jre/guava-33.0.0-jre.jar:/Users/dancskornel/.m2/repository/com/google/guava/failureaccess/1.0.2/failureaccess-1.0.2.jar:/Users/dancskornel/.m2/repository/com/google/guava/listenablefuture/9999.0-empty-to-avoid-conflict-with-guava/listenablefuture-9999.0-empty-to-avoid-conflict-with-guava.jar:/Users/dancskornel/.m2/repository/com/google/code/findbugs/jsr305/3.0.2/jsr305-3.0.2.jar:/Users/dancskornel/.m2/repository/org/checkerframework/checker-qual/3.41.0/checker-qual-3.41.0.jar:/Users/dancskornel/.m2/repository/com/google/errorprone/error_prone_annotations/2.23.0/error_prone_annotations-2.23.0.jar:/Users/dancskornel/.m2/repository/com/google/j2objc/j2objc-annotations/2.8/j2objc-annotations-2.8.jar:/Users/dancskornel/.m2/repository/org/eclipse/jdt/org.eclipse.jdt.annotation/2.2.800/org.eclipse.jdt.annotation-2.2.800.jar:/Users/dancskornel/.m2/repository/junit/junit/4.13.2/junit-4.13.2.jar:/Users/dancskornel/.m2/repository/org/hamcrest/hamcrest-core/1.3/hamcrest-core-1.3.jar:/Users/dancskornel/.m2/repository/org/hamcrest/hamcrest/2.2/hamcrest-2.2.jar:/Users/dancskornel/.m2/repository/uk/co/datumedge/hamcrest-json/0.3/hamcrest-json-0.3.jar:/Users/dancskornel/.m2/repository/org/skyscreamer/jsonassert/1.5.1/jsonassert-1.5.1.jar:/Users/dancskornel/.m2/repository/com/vaadin/external/google/android-json/0.0.20131108.vaadin1/android-json-0.0.20131108.vaadin1.jar:/Users/dancskornel/.m2/repository/org/mockito/mockito-core/5.8.0/mockito-core-5.8.0.jar:/Users/dancskornel/.m2/repository/net/bytebuddy/byte-buddy/1.14.10/byte-buddy-1.14.10.jar:/Users/dancskornel/.m2/repository/net/bytebuddy/byte-buddy-agent/1.14.10/byte-buddy-agent-1.14.10.jar:/Users/dancskornel/.m2/repository/org/objenesis/objenesis/3.3/objenesis-3.3.jar:/Users/dancskornel/.m2/repository/org/jglue/cdi-unit/cdi-unit/4.1.0/cdi-unit-4.1.0.jar:/Users/dancskornel/.m2/repository/org/javassist/javassist/3.18.1-GA/javassist-3.18.1-GA.jar:/Users/dancskornel/.m2/repository/io/github/classgraph/classgraph/4.1.2/classgraph-4.1.2.jar:/Users/dancskornel/.m2/repository/org/slf4j/slf4j-api/1.7.5/slf4j-api-1.7.5.jar:/Users/dancskornel/.m2/repository/org/apache/deltaspike/core/deltaspike-core-impl/1.0.1/deltaspike-core-impl-1.0.1.jar:/Users/dancskornel/.m2/repository/org/apache/deltaspike/core/deltaspike-core-api/1.0.1/deltaspike-core-api-1.0.1.jar:/Users/dancskornel/.m2/repository/org/jboss/resteasy/resteasy-jaxrs/3.0.14.Final/resteasy-jaxrs-3.0.14.Final.jar:/Users/dancskornel/.m2/repository/org/jboss/spec/javax/ws/rs/jboss-jaxrs-api_2.0_spec/1.0.0.Final/jboss-jaxrs-api_2.0_spec-1.0.0.Final.jar:/Users/dancskornel/.m2/repository/org/jboss/spec/javax/annotation/jboss-annotations-api_1.2_spec/1.0.0.Final/jboss-annotations-api_1.2_spec-1.0.0.Final.jar:/Users/dancskornel/.m2/repository/net/jcip/jcip-annotations/1.0/jcip-annotations-1.0.jar:/Users/dancskornel/.m2/repository/org/jboss/weld/se/weld-se-core/6.0.0.Alpha1/weld-se-core-6.0.0.Alpha1.jar:/Users/dancskornel/.m2/repository/org/jboss/weld/environment/weld-environment-common/6.0.0.Alpha1/weld-environment-common-6.0.0.Alpha1.jar:/Users/dancskornel/.m2/repository/org/jboss/weld/weld-lite-extension-translator/6.0.0.Alpha1/weld-lite-extension-translator-6.0.0.Alpha1.jar:/Users/dancskornel/.m2/repository/jakarta/interceptor/jakarta.interceptor-api/2.2.0-RC1/jakarta.interceptor-api-2.2.0-RC1.jar:/Users/dancskornel/.m2/repository/org/jboss/logging/jboss-logging-processor/2.2.1.Final/jboss-logging-processor-2.2.1.Final.jar:/Users/dancskornel/.m2/repository/org/jboss/logging/jboss-logging-annotations/2.2.1.Final/jboss-logging-annotations-2.2.1.Final.jar:/Users/dancskornel/.m2/repository/org/jboss/jdeparser/jdeparser/2.0.3.Final/jdeparser-2.0.3.Final.jar:/Users/dancskornel/.m2/repository/jakarta/enterprise/jakarta.enterprise.cdi-api/4.1.0.Alpha1/jakarta.enterprise.cdi-api-4.1.0.Alpha1.jar:/Users/dancskornel/.m2/repository/jakarta/enterprise/jakarta.enterprise.lang-model/4.1.0.Alpha1/jakarta.enterprise.lang-model-4.1.0.Alpha1.jar:/Users/dancskornel/.m2/repository/jakarta/annotation/jakarta.annotation-api/2.1.0/jakarta.annotation-api-2.1.0.jar:/Users/dancskornel/.m2/repository/jakarta/inject/jakarta.inject-api/2.0.1/jakarta.inject-api-2.0.1.jar:/Users/dancskornel/.m2/repository/org/jboss/classfilewriter/jboss-classfilewriter/1.3.0.Final/jboss-classfilewriter-1.3.0.Final.jar:/Users/dancskornel/.m2/repository/org/jboss/weld/module/weld-web/6.0.0.Alpha1/weld-web-6.0.0.Alpha1.jar:/Users/dancskornel/.m2/repository/org/jboss/weld/weld-api/6.0.Alpha1/weld-api-6.0.Alpha1.jar:/Users/dancskornel/.m2/repository/org/jboss/weld/weld-core-impl/6.0.0.Alpha1/weld-core-impl-6.0.0.Alpha1.jar:/Users/dancskornel/.m2/repository/org/jboss/weld/weld-spi/6.0.Alpha1/weld-spi-6.0.Alpha1.jar:/Users/dancskornel/.m2/repository/jakarta/el/jakarta.el-api/5.0.1/jakarta.el-api-5.0.1.jar:/Users/dancskornel/.m2/repository/org/jboss/logging/jboss-logging/3.5.0.Final/jboss-logging-3.5.0.Final.jar:/Users/dancskornel/.m2/repository/org/apache/commons/commons-lang3/3.7/commons-lang3-3.7.jar:/Users/dancskornel/.m2/repository/com/mashape/unirest/unirest-java/1.4.9/unirest-java-1.4.9.jar:/Users/dancskornel/.m2/repository/org/apache/httpcomponents/httpclient/4.5.2/httpclient-4.5.2.jar:/Users/dancskornel/.m2/repository/org/apache/httpcomponents/httpcore/4.4.4/httpcore-4.4.4.jar:/Users/dancskornel/.m2/repository/commons-logging/commons-logging/1.2/commons-logging-1.2.jar:/Users/dancskornel/.m2/repository/commons-codec/commons-codec/1.9/commons-codec-1.9.jar:/Users/dancskornel/.m2/repository/org/apache/httpcomponents/httpasyncclient/4.1.1/httpasyncclient-4.1.1.jar:/Users/dancskornel/.m2/repository/org/apache/httpcomponents/httpcore-nio/4.4.4/httpcore-nio-4.4.4.jar:/Users/dancskornel/.m2/repository/org/apache/httpcomponents/httpmime/4.5.2/httpmime-4.5.2.jar:/Users/dancskornel/.m2/repository/com/squareup/okhttp3/okhttp/4.12.0/okhttp-4.12.0.jar:/Users/dancskornel/.m2/repository/org/jetbrains/kotlin/kotlin-stdlib-jdk8/1.8.21/kotlin-stdlib-jdk8-1.8.21.jar:/Users/dancskornel/.m2/repository/org/jetbrains/kotlin/kotlin-stdlib-jdk7/1.8.21/kotlin-stdlib-jdk7-1.8.21.jar:/Users/dancskornel/.m2/repository/com/squareup/okio/okio/2.2.2/okio-2.2.2.jar:/Users/dancskornel/.m2/repository/org/jetbrains/kotlin/kotlin-stdlib/1.2.60/kotlin-stdlib-1.2.60.jar:/Users/dancskornel/.m2/repository/org/jetbrains/kotlin/kotlin-stdlib-common/1.2.60/kotlin-stdlib-common-1.2.60.jar:/Users/dancskornel/.m2/repository/org/jetbrains/annotations/13.0/annotations-13.0.jar:/Users/dancskornel/.m2/repository/commons-io/commons-io/2.15.1/commons-io-2.15.1.jar:"/>
    <property name="sun.cpu.endian" value="little"/>
    <property name="user.home" value="/Users/dancskornel"/>
    <property name="user.language" value="hu"/>
    <property name="java.specification.vendor" value="Oracle Corporation"/>
    <property name="java.version.date" value="2023-10-17"/>
    <property name="java.home" value="/opt/homebrew/Cellar/openjdk/21.0.1/libexec/openjdk.jdk/Contents/Home"/>
    <property name="file.separator" value="/"/>
    <property name="basedir" value="/Users/dancskornel/Library/CloudStorage/OneDrive-EotvosLorandTudomanyegyetem/IBM/anagram"/>
    <property name="java.vm.compressedOopsMode" value="Zero based"/>
    <property name="line.separator" value="&#10;"/>
    <property name="java.vm.specification.vendor" value="Oracle Corporation"/>
    <property name="java.specification.name" value="Java Platform API Specification"/>
    <property name="apple.awt.application.name" value="ForkedBooter"/>
    <property name="surefire.real.class.path" value="/Users/dancskornel/Library/CloudStorage/OneDrive-EotvosLorandTudomanyegyetem/IBM/anagram/target/surefire/surefirebooter-20231230230615722_3.jar"/>
    <property name="sun.management.compiler" value="HotSpot 64-Bit Tiered Compilers"/>
    <property name="ftp.nonProxyHosts" value="local|*.local|169.254/16|*.169.254/16"/>
    <property name="java.runtime.version" value="21.0.1"/>
    <property name="user.name" value="dancskornel"/>
    <property name="stdout.encoding" value="UTF-8"/>
    <property name="path.separator" value=":"/>
    <property name="os.version" value="14.0"/>
    <property name="java.runtime.name" value="OpenJDK Runtime Environment"/>
    <property name="file.encoding" value="UTF-8"/>
    <property name="java.vm.name" value="OpenJDK 64-Bit Server VM"/>
    <property name="java.vendor.version" value="Homebrew"/>
    <property name="localRepository" value="/Users/dancskornel/.m2/repository"/>
    <property name="java.vendor.url.bug" value="https://github.com/Homebrew/homebrew-core/issues"/>
    <property name="java.io.tmpdir" value="/var/folders/pc/njphk3hj1fl446csw8qppb1c0000gn/T/"/>
    <property name="java.version" value="21.0.1"/>
    <property name="user.dir" value="/Users/dancskornel/Library/CloudStorage/OneDrive-EotvosLorandTudomanyegyetem/IBM/anagram"/>
    <property name="os.arch" value="aarch64"/>
    <property name="java.vm.specification.name" value="Java Virtual Machine Specification"/>
    <property name="native.encoding" value="UTF-8"/>
    <property name="java.library.path" value="/Users/dancskornel/Library/Java/Extensions:/Library/Java/Extensions:/Network/Library/Java/Extensions:/System/Library/Java/Extensions:/usr/lib/java:."/>
    <property name="java.vm.info" value="mixed mode, sharing"/>
    <property name="stderr.encoding" value="UTF-8"/>
    <property name="java.vendor" value="Homebrew"/>
    <property name="java.vm.version" value="21.0.1"/>
    <property name="sun.io.unicode.encoding" value="UnicodeBig"/>
    <property name="socksNonProxyHosts" value="local|*.local|169.254/16|*.169.254/16"/>
    <property name="java.class.version" value="65.0"/>
  </properties>
  <testcase name="testGenerateUpperDuplicate" classname="permutation.PermutationTest" time="0.003"/>
  <testcase name="testGenerate" classname="permutation.PermutationTest" time="0.0"/>
  <testcase name="testGenerateNull" classname="permutation.PermutationTest" time="0.0"/>
  <testcase name="testGenerateSpecial" classname="permutation.PermutationTest" time="0.0"/>
  <testcase name="testGenerateEmpty" classname="permutation.PermutationTest" time="0.0"/>
  <testcase name="testGenerateDouble" classname="permutation.PermutationTest" time="0.0"/>
  <testcase name="testGenerateUpperCase" classname="permutation.PermutationTest" time="0.001"/>
  <testcase name="testGenerateDuplicates" classname="permutation.PermutationTest" time="0.0"/>
  <testcase name="testGenerateSingle" classname="permutation.PermutationTest" time="0.0"/>
</testsuite>